<?xml version="1.0" encoding="UTF-8"?>
<testng-results ignored="0" total="2" passed="2" failed="0" skipped="0">
  <reporter-output>
  </reporter-output>
  <suite started-at="2023-10-31T16:34:20 IST" name="Default suite" finished-at="2023-10-31T16:34:26 IST" duration-ms="6320">
    <groups>
    </groups>
    <test started-at="2023-10-31T16:34:20 IST" name="Default test" finished-at="2023-10-31T16:34:26 IST" duration-ms="6320">
      <class name="Day2.DiffWaysToCreatePostRequestBody">
        <test-method signature="testJsonExternalFile()[pri:1, instance:Day2.DiffWaysToCreatePostRequestBody@1a6d8329]" started-at="2023-10-31T16:34:20 IST" name="testJsonExternalFile" finished-at="2023-10-31T16:34:26 IST" duration-ms="5958" status="PASS">
          <reporter-output>
          </reporter-output>
        </test-method> <!-- testJsonExternalFile -->
        <test-method signature="deleteUser()[pri:2, instance:Day2.DiffWaysToCreatePostRequestBody@1a6d8329]" started-at="2023-10-31T16:34:26 IST" name="deleteUser" finished-at="2023-10-31T16:34:26 IST" duration-ms="197" status="PASS">
          <reporter-output>
          </reporter-output>
        </test-method> <!-- deleteUser -->
      </class> <!-- Day2.DiffWaysToCreatePostRequestBody -->
    </test> <!-- Default test -->
  </suite> <!-- Default suite -->
</testng-results>
